[00:21:05] [Server thread/INFO]: Stopping server
[00:21:05] [Server thread/INFO]: [Geyser-Spigot] Disabling Geyser-Spigot v2.2.2-SNAPSHOT
[00:21:05] [Server thread/INFO]: [Geyser-Spigot] Desligando o Geyser.
[00:21:05] [Server thread/INFO]: [Geyser-Spigot] Geyser encerrado com sucesso.
[00:21:05] [Server thread/INFO]: [floodgate] Disabling floodgate v2.2.2-SNAPSHOT (b90-2886a71)
[00:21:05] [Server thread/INFO]: Saving players
[00:21:05] [Server thread/INFO]: Saving worlds
[00:21:05] [Server thread/INFO]: Saving chunks for level 'ServerLevel[world]'/minecraft:overworld
[00:21:05] [Server thread/INFO]: [ChunkHolderManager] Waiting 60s for chunk system to halt for world 'world'
[00:21:05] [Server thread/INFO]: [ChunkHolderManager] Halted chunk system for world 'world'
[00:21:05] [Server thread/INFO]: [ChunkHolderManager] Saving all chunkholders for world 'world'
[00:21:05] [Server thread/INFO]: [ChunkHolderManager] Saved 0 block chunks, 52 entity chunks, 0 poi chunks in world 'world' in 0,01s
[00:21:05] [Server thread/INFO]: ThreadedAnvilChunkStorage (world): All chunks are saved
[00:21:05] [Server thread/INFO]: Saving chunks for level 'ServerLevel[world_nether]'/minecraft:the_nether
[00:21:05] [Server thread/INFO]: [ChunkHolderManager] Waiting 60s for chunk system to halt for world 'world_nether'
[00:21:05] [Server thread/INFO]: [ChunkHolderManager] Halted chunk system for world 'world_nether'
[00:21:05] [Server thread/INFO]: [ChunkHolderManager] Saving all chunkholders for world 'world_nether'
[00:21:05] [Server thread/INFO]: [ChunkHolderManager] Saved 0 block chunks, 5 entity chunks, 0 poi chunks in world 'world_nether' in 0,00s
[00:21:05] [Server thread/INFO]: ThreadedAnvilChunkStorage (DIM-1): All chunks are saved
[00:21:05] [Server thread/INFO]: Saving chunks for level 'ServerLevel[world_the_end]'/minecraft:the_end
[00:21:05] [Server thread/INFO]: [ChunkHolderManager] Waiting 60s for chunk system to halt for world 'world_the_end'
[00:21:05] [Server thread/INFO]: [ChunkHolderManager] Halted chunk system for world 'world_the_end'
[00:21:05] [Server thread/INFO]: [ChunkHolderManager] Saving all chunkholders for world 'world_the_end'
[00:21:05] [Server thread/INFO]: [ChunkHolderManager] Saved 0 block chunks, 10 entity chunks, 0 poi chunks in world 'world_the_end' in 0,00s
[00:21:05] [Server thread/INFO]: ThreadedAnvilChunkStorage (DIM1): All chunks are saved
[00:21:05] [Server thread/INFO]: ThreadedAnvilChunkStorage: All dimensions are saved
[00:21:05] [Server thread/INFO]: Flushing Chunk IO
[00:21:05] [Server thread/INFO]: Closing Thread Pool
[00:21:05] [Server thread/INFO]: Closing Server
